[2020/07/16 10:24:07] Win Streak 5 Lose Streak 24 | Balance 993.32249046 Profit 893.29782704
[2020/07/16 12:08:41] Win Streak 3 Lose Streak 38 | Balance 1046.07682044 Profit -15.32146605
[2020/07/16 12:19:35] Win Streak 2 Lose Streak 68 | Balance 1093.13472845 Profit 46.62053024
[2020/07/16 12:20:12] Win Streak 1 Lose Streak 52 | Balance 1215.04713996 Profit 122.02572151
[2020/07/16 12:21:10] Win Streak 2 Lose Streak 14 | Balance 1233.33678493 Profit 18.53605497
Withdraw 10.00000000
[2020/07/16 14:24:12] Win Streak 0 Lose Streak 1 | Balance 1013.95617014 Profit -0.0001
[2020/07/16 14:26:09] Win Streak 3 Lose Streak 17 | Balance 1006.06628291 Profit 2.11021277
[2020/07/16 20:44:24] Win Streak 6 Lose Streak 11 | Balance 350.3670744 Profit 0.09184382
[2020/07/16 20:44:52] Win Streak 4 Lose Streak 21 | Balance 350.36719389 Profit 0.09222009
[2020/07/16 21:42:52] Win Streak 5 Lose Streak 13 | Balance 350.41477781 Profit 0.04761981
[2020/07/16 21:42:52] Win Streak 4 Lose Streak 9 | Balance 350.41459459 Profit 0.04753659
[2020/07/16 21:42:52] Win Streak 6 Lose Streak 13 | Balance 350.36705813 Profit 0.09198433
[2020/07/16 21:42:52] Win Streak 3 Lose Streak 9 | Balance 350.41473459 Profit 0.04741981
[2020/07/16 21:42:52] Win Streak 5 Lose Streak 16 | Balance 350.41483459 Profit 0.14001757
[2020/09/30 19:48:30] Win Streak 8 Lose Streak 5 | Balance 228.61125264 Profit 20.07516238
[2020/09/30 19:48:30] Win Streak 11 Lose Streak 6 | Balance 228.51125264 Profit 20.07516238
[2020/09/30 19:48:34] Win Streak 11 Lose Streak 7 | Balance 228.74848756 Profit 20.1123973
[2020/09/30 19:48:38] Win Streak 8 Lose Streak 6 | Balance 229.12605282 Profit 20.38996256
[2020/09/30 19:49:50] Win Streak 7 Lose Streak 8 | Balance 248.89013489 Profit 20.03920707
[2020/09/30 19:49:50] Win Streak 7 Lose Streak 6 | Balance 249.14336859 Profit 20.19244077
[2020/09/30 19:49:50] Win Streak 6 Lose Streak 7 | Balance 249.15003781 Profit 20.09910999
[2020/09/30 19:49:51] Win Streak 5 Lose Streak 9 | Balance 249.15385911 Profit 20.00293129
[2020/09/30 19:51:31] Win Streak 6 Lose Streak 7 | Balance 269.66853299 Profit 20.46492388
[2020/09/30 19:51:31] Win Streak 8 Lose Streak 6 | Balance 269.48207851 Profit 20.2535944
[2020/09/30 19:51:31] Win Streak 7 Lose Streak 11 | Balance 269.33950739 Profit 20.16077328
[2020/09/30 19:51:31] Win Streak 6 Lose Streak 7 | Balance 269.84693953 Profit 20.59358042
Withdraw 100.00000000
[2020/10/04 19:46:11] Win Streak 1 Lose Streak 0 | Balance 500.14002782 Profit 0.1136898
[2020/10/04 19:52:01] Win Streak 7 Lose Streak 9 | Balance 437.77013582 Profit 20.497976
[2020/10/04 19:56:35] Win Streak 8 Lose Streak 7 | Balance 458.32138612 Profit 20.5263753
[2020/10/04 19:59:13] Win Streak 6 Lose Streak 9 | Balance 478.84951222 Profit 20.5032511
[2020/10/04 20:03:42] Win Streak 9 Lose Streak 10 | Balance 514.47964992 Profit 35.6052627
[2020/10/04 20:06:16] Win Streak 3 Lose Streak 10 | Balance 534.56696812 Profit 20.0624432
[2020/10/04 20:48:11] Win Streak 6 Lose Streak 7 | Balance 572.70349382 Profit 20.0446129
[2020/10/04 21:01:09] Win Streak 6 Lose Streak 8 | Balance 592.79102832 Profit 20.1875345
[2020/10/04 21:04:06] Win Streak 7 Lose Streak 9 | Balance 614.79432162 Profit 22.1032933
[2020/10/04 21:08:11] Win Streak 6 Lose Streak 9 | Balance 634.91518342 Profit 20.0959868
[2020/10/04 21:13:36] Win Streak 5 Lose Streak 6 | Balance 654.90367782 Profit 20.0884944
[2020/10/04 21:24:32] Win Streak 10 Lose Streak 7 | Balance 675.54337012 Profit 20.6148173
[2020/10/04 21:28:54] Win Streak 6 Lose Streak 8 | Balance 695.71833872 Profit 20.1500936
Withdraw 100.00000000
[2020/10/04 21:30:29] Win Streak 3 Lose Streak 5 | Balance 700.09411382 Profit 4.3509001
[2020/10/04 21:39:22] Win Streak 7 Lose Streak 8 | Balance 628.22717052 Profit 21.5276292
[2020/10/04 21:44:04] Win Streak 7 Lose Streak 7 | Balance 648.30157832 Profit 20.0495328
[2020/10/04 21:52:38] Win Streak 7 Lose Streak 8 | Balance 668.48644312 Profit 20.2848648
[2020/10/04 21:59:12] Win Streak 5 Lose Streak 7 | Balance 688.60225552 Profit 20.0909374
Withdraw 100.00000000
[2020/10/04 22:06:41] Win Streak 6 Lose Streak 7 | Balance 700.04640802 Profit 11.4192775
[2020/10/04 22:23:04] Win Streak 7 Lose Streak 9 | Balance 620.01438092 Profit 20.0679729
[2020/10/04 23:24:13] Win Streak 5 Lose Streak 9 | Balance 271.00022662 Profit 20.0527094
[2020/10/04 23:32:25] Win Streak 4 Lose Streak 9 | Balance 292.76019982 Profit 21.8599732
[2020/10/04 23:36:32] Win Streak 8 Lose Streak 6 | Balance 312.85799982 Profit 20.072925
[2020/10/04 23:41:22] Win Streak 7 Lose Streak 5 | Balance 332.97187672 Profit 20.0890019
[2020/10/05 00:03:01] Win Streak 4 Lose Streak 6 | Balance 361.94867342 Profit 20.2872464
[2020/10/05 00:11:52] Win Streak 6 Lose Streak 7 | Balance 395.30028982 Profit 21.4365453
[2020/10/05 00:15:18] Win Streak 13 Lose Streak 6 | Balance 415.46559952 Profit 20.1404347
[2020/10/05 00:20:19] Win Streak 7 Lose Streak 6 | Balance 31.27932352 Profit 20.0308664
[2020/10/05 00:27:17] Win Streak 7 Lose Streak 6 | Balance 41.90073062 Profit 20.1010277
[2020/10/05 00:34:12] Win Streak 8 Lose Streak 6 | Balance 23.28337102 Profit 20.0625793
[2020/10/05 00:37:55] Win Streak 5 Lose Streak 7 | Balance 43.40717912 Profit 20.0989331
[2020/10/05 00:40:47] Win Streak 7 Lose Streak 7 | Balance 63.31602892 Profit 20.0088498
[2020/10/05 00:44:13] Win Streak 8 Lose Streak 7 | Balance 83.23030862 Profit 20.0142797
[2020/10/05 00:47:05] Win Streak 5 Lose Streak 8 | Balance 103.35376472 Profit 20.0985811
[2020/10/05 00:50:55] Win Streak 8 Lose Streak 7 | Balance 123.37892332 Profit 20.0002836
[2020/10/05 00:54:44] Win Streak 7 Lose Streak 6 | Balance 143.46232802 Profit 20.0585297
[2020/10/05 02:49:59] Win Streak 7 Lose Streak 17 | Balance 293.21407916 Profit 112.88114102
[2020/10/05 03:34:10] Win Streak 7 Lose Streak 21 | Balance 145.96814478 Profit 106.671709
[2020/10/05 03:55:33] Win Streak 10 Lose Streak 17 | Balance 249.31141782 Profit 103.34427404
[2020/10/05 04:18:29] Win Streak 3 Lose Streak 4 | Balance 595.8931991 Profit 595.76706331
